app/build/outputs/logs/manifest-merger-debug-report.txt
-- Merging decision tree log ---
manifest
ADDED from src/main/AndroidManifest.xml:2:1-251:12
	package
		ADDED from src/main/AndroidManifest.xml:3:5-43
		INJECTED from src/main/AndroidManifest.xml
		INJECTED from src/main/AndroidManifest.xml
	android:versionName
		INJECTED from src/main/AndroidManifest.xml
		INJECTED from src/main/AndroidManifest.xml
	xmlns:android
		ADDED from src/main/AndroidManifest.xml:2:11-69
	android:versionCode
		INJECTED from src/main/AndroidManifest.xml
		INJECTED from src/main/AndroidManifest.xml
uses-permission#android.permission.INTERNET
ADDED from src/main/AndroidManifest.xml:5:5-67
MERGED from [:LiteAVSDK_Professional_6.4.7328:] AndroidManifest.xml:12:5-67
	android:name
		ADDED from src/main/AndroidManifest.xml:5:22-64
uses-permission#android.permission.ACCESS_NETWORK_STATE
ADDED from src/main/AndroidManifest.xml:6:5-79
MERGED from [:LiteAVSDK_Professional_6.4.7328:] AndroidManifest.xml:11:5-79
	android:name
		ADDED from src/main/AndroidManifest.xml:6:22-76
uses-permission#android.permission.ACCESS_WIFI_STATE
ADDED from src/main/AndroidManifest.xml:7:5-76
MERGED from [:LiteAVSDK_Professional_6.4.7328:] AndroidManifest.xml:17:5-76
	android:name
		ADDED from src/main/AndroidManifest.xml:7:22-73
uses-permission#android.permission.READ_PHONE_STATE
ADDED from src/main/AndroidManifest.xml:8:5-75
	android:name
		ADDED from src/main/AndroidManifest.xml:8:22-72
uses-permission#android.permission.CALL_PHONE
ADDED from src/main/AndroidManifest.xml:9:5-69
	android:name
		ADDED from src/main/AndroidManifest.xml:9:22-66
uses-permission#android.permission.WRITE_EXTERNAL_STORAGE
ADDED from src/main/AndroidManifest.xml:10:5-81
MERGED from [:LiteAVSDK_Professional_6.4.7328:] AndroidManifest.xml:16:5-81
	android:name
		ADDED from src/main/AndroidManifest.xml:10:22-78
uses-permission#android.permission.READ_EXTERNAL_STORAGE
ADDED from src/main/AndroidManifest.xml:11:5-79
	android:name
		ADDED from src/main/AndroidManifest.xml:11:22-77
uses-permission#android.permission.WRITE_SETTINGS
ADDED from src/main/AndroidManifest.xml:12:5-73
	android:name
		ADDED from src/main/AndroidManifest.xml:12:22-70
uses-permission#android.permission.READ_LOGS
ADDED from src/main/AndroidManifest.xml:13:5-68
	android:name
		ADDED from src/main/AndroidManifest.xml:13:22-65
uses-permission#android.permission.RECORD_AUDIO
ADDED from src/main/AndroidManifest.xml:14:5-71
MERGED from [:LiteAVSDK_Professional_6.4.7328:] AndroidManifest.xml:14:5-71
	android:name
		ADDED from src/main/AndroidManifest.xml:14:22-68
uses-permission#android.permission.CAMERA
ADDED from src/main/AndroidManifest.xml:15:5-65
MERGED from [:LiteAVSDK_Professional_6.4.7328:] AndroidManifest.xml:13:5-65
	android:name
		ADDED from src/main/AndroidManifest.xml:15:22-62
uses-permission#android.permission.READ_CONTACTS
ADDED from src/main/AndroidManifest.xml:16:5-72
	android:name
		ADDED from src/main/AndroidManifest.xml:16:22-69
uses-feature#android.hardware.camera
ADDED from src/main/AndroidManifest.xml:17:5-60
	android:name
		ADDED from src/main/AndroidManifest.xml:17:19-57
uses-feature#android.hardware.camera.autofocus
ADDED from src/main/AndroidManifest.xml:18:5-70
	android:name
		ADDED from src/main/AndroidManifest.xml:18:19-67
uses-permission#android.permission.ACCESS_COARSE_LOCATION
ADDED from src/main/AndroidManifest.xml:20:5-81
	android:name
		ADDED from src/main/AndroidManifest.xml:20:22-78
uses-permission#android.permission.ACCESS_FINE_LOCATION
ADDED from src/main/AndroidManifest.xml:21:5-79
	android:name
		ADDED from src/main/AndroidManifest.xml:21:22-76
uses-permission#android.permission.CHANGE_NETWORK_STATE
ADDED from src/main/AndroidManifest.xml:23:5-79
	android:name
		ADDED from src/main/AndroidManifest.xml:23:22-76
uses-permission#android.permission.GET_TASKS
ADDED from src/main/AndroidManifest.xml:24:5-68
	android:name
		ADDED from src/main/AndroidManifest.xml:24:22-65
uses-permission#android.permission.MODIFY_AUDIO_SETTINGS
ADDED from src/main/AndroidManifest.xml:25:5-80
	android:name
		ADDED from src/main/AndroidManifest.xml:25:22-77
uses-permission#android.permission.RECEIVE_BOOT_COMPLETED
ADDED from src/main/AndroidManifest.xml:26:5-81
	android:name
		ADDED from src/main/AndroidManifest.xml:26:22-78
uses-permission#android.permission.VIBRATE
ADDED from src/main/AndroidManifest.xml:27:5-66
	android:name
		ADDED from src/main/AndroidManifest.xml:27:22-63
uses-permission#android.permission.WAKE_LOCK
ADDED from src/main/AndroidManifest.xml:28:5-68
	android:name
		ADDED from src/main/AndroidManifest.xml:28:22-65
uses-permission#android.permission.SYSTEM_ALERT_WINDOW
ADDED from src/main/AndroidManifest.xml:29:5-78
	android:name
		ADDED from src/main/AndroidManifest.xml:29:22-75
uses-permission#android.permission.GET_ACCOUNTS
ADDED from src/main/AndroidManifest.xml:31:5-71
	android:name
		ADDED from src/main/AndroidManifest.xml:31:22-68
uses-permission#android.permission.USE_CREDENTIALS
ADDED from src/main/AndroidManifest.xml:32:5-74
	android:name
		ADDED from src/main/AndroidManifest.xml:32:22-71
uses-permission#android.permission.MANAGE_ACCOUNTS
ADDED from src/main/AndroidManifest.xml:33:5-74
	android:name
		ADDED from src/main/AndroidManifest.xml:33:22-71
uses-permission#android.permission.BLUETOOTH
ADDED from src/main/AndroidManifest.xml:34:5-68
	android:name
		ADDED from src/main/AndroidManifest.xml:34:22-65
application
ADDED from src/main/AndroidManifest.xml:35:5-249:19
MERGED from [com.android.support:design:23.2.1] AndroidManifest.xml:22:5-20
MERGED from [com.android.support:appcompat-v7:23.2.1] AndroidManifest.xml:25:5-20
MERGED from [com.android.support:animated-vector-drawable:23.2.1] AndroidManifest.xml:7:5-20
MERGED from [com.android.support:support-vector-drawable:23.2.1] AndroidManifest.xml:7:5-20
MERGED from [:volley-1.0.0:] AndroidManifest.xml:9:5-20
MERGED from [:LiteAVSDK_Professional_6.4.7328:] AndroidManifest.xml:19:5-22:19
MERGED from [com.android.support:support-v4:23.2.1] AndroidManifest.xml:22:5-20
	android:label
		ADDED from src/main/AndroidManifest.xml:39:9-41
	android:supportsRtl
		ADDED from [:LiteAVSDK_Professional_6.4.7328:] AndroidManifest.xml:21:9-35
	android:allowBackup
		ADDED from src/main/AndroidManifest.xml:37:9-35
	android:icon
		ADDED from src/main/AndroidManifest.xml:38:9-43
	android:largeHeap
		ADDED from src/main/AndroidManifest.xml:41:9-33
	android:theme
		ADDED from src/main/AndroidManifest.xml:40:9-40
	android:name
		ADDED from src/main/AndroidManifest.xml:36:9-38
activity#com.tencent.qcloud.xiaozhibo.mainui.TCSplashActivity
ADDED from src/main/AndroidManifest.xml:42:9-52:20
	android:screenOrientation
		ADDED from src/main/AndroidManifest.xml:44:13-49
	android:launchMode
		ADDED from src/main/AndroidManifest.xml:46:13-43
	android:theme
		ADDED from src/main/AndroidManifest.xml:45:13-47
	android:name
		ADDED from src/main/AndroidManifest.xml:43:13-52
intent-filter#android.intent.action.MAIN+android.intent.category.LAUNCHER
ADDED from src/main/AndroidManifest.xml:47:13-51:29
action#android.intent.action.MAIN
ADDED from src/main/AndroidManifest.xml:48:17-69
	android:name
		ADDED from src/main/AndroidManifest.xml:48:25-66
category#android.intent.category.LAUNCHER
ADDED from src/main/AndroidManifest.xml:50:17-77
	android:name
		ADDED from src/main/AndroidManifest.xml:50:27-74
receiver#com.tencent.qalsdk.QALBroadcastReceiver
ADDED from src/main/AndroidManifest.xml:56:9-62:20
	android:exported
		ADDED from src/main/AndroidManifest.xml:58:13-37
	android:name
		ADDED from src/main/AndroidManifest.xml:57:13-67
intent-filter#com.tencent.qalsdk.broadcast.qal
ADDED from src/main/AndroidManifest.xml:59:13-61:29
action#com.tencent.qalsdk.broadcast.qal
ADDED from src/main/AndroidManifest.xml:60:17-75
	android:name
		ADDED from src/main/AndroidManifest.xml:60:25-72
receiver#com.tencent.qalsdk.core.NetConnInfoCenter
ADDED from src/main/AndroidManifest.xml:64:9-79:20
	android:process
		ADDED from src/main/AndroidManifest.xml:66:13-42
	android:name
		ADDED from src/main/AndroidManifest.xml:65:13-69
intent-filter#android.intent.action.BOOT_COMPLETED
ADDED from src/main/AndroidManifest.xml:67:13-69:29
action#android.intent.action.BOOT_COMPLETED
ADDED from src/main/AndroidManifest.xml:68:17-79
	android:name
		ADDED from src/main/AndroidManifest.xml:68:25-76
intent-filter#android.net.conn.CONNECTIVITY_CHANGE
ADDED from src/main/AndroidManifest.xml:70:13-72:29
action#android.net.conn.CONNECTIVITY_CHANGE
ADDED from src/main/AndroidManifest.xml:71:17-79
	android:name
		ADDED from src/main/AndroidManifest.xml:71:25-76
intent-filter#android.intent.action.TIME_SET
ADDED from src/main/AndroidManifest.xml:73:13-75:29
action#android.intent.action.TIME_SET
ADDED from src/main/AndroidManifest.xml:74:17-73
	android:name
		ADDED from src/main/AndroidManifest.xml:74:25-70
intent-filter#android.intent.action.TIMEZONE_CHANGED
ADDED from src/main/AndroidManifest.xml:76:13-78:29
action#android.intent.action.TIMEZONE_CHANGED
ADDED from src/main/AndroidManifest.xml:77:17-81
	android:name
		ADDED from src/main/AndroidManifest.xml:77:25-78
activity#com.tencent.qcloud.xiaozhibo.login.TCLoginActivity
ADDED from src/main/AndroidManifest.xml:81:9-84:49
	android:screenOrientation
		ADDED from src/main/AndroidManifest.xml:83:13-49
	android:theme
		ADDED from src/main/AndroidManifest.xml:84:13-46
	android:name
		ADDED from src/main/AndroidManifest.xml:82:13-50
activity#com.tencent.qcloud.xiaozhibo.login.TCRegisterActivity
ADDED from src/main/AndroidManifest.xml:85:9-88:52
	android:screenOrientation
		ADDED from src/main/AndroidManifest.xml:87:13-49
	android:theme
		ADDED from src/main/AndroidManifest.xml:88:13-49
	android:name
		ADDED from src/main/AndroidManifest.xml:86:13-53
activity#com.tencent.qcloud.xiaozhibo.mainui.TCMainActivity
ADDED from src/main/AndroidManifest.xml:89:9-92:46
	android:screenOrientation
		ADDED from src/main/AndroidManifest.xml:91:13-49
	android:launchMode
		ADDED from src/main/AndroidManifest.xml:92:13-44
	android:name
		ADDED from src/main/AndroidManifest.xml:90:13-50
activity#com.tencent.qcloud.xiaozhibo.push.TCPublishSettingActivity
ADDED from src/main/AndroidManifest.xml:93:9-95:52
	android:screenOrientation
		ADDED from src/main/AndroidManifest.xml:95:13-49
	android:name
		ADDED from src/main/AndroidManifest.xml:94:13-58
activity#com.tencent.qcloud.xiaozhibo.play.TCLivePlayerActivity
ADDED from src/main/AndroidManifest.xml:96:9-100:59
	android:screenOrientation
		ADDED from src/main/AndroidManifest.xml:98:13-49
	android:windowSoftInputMode
		ADDED from src/main/AndroidManifest.xml:100:13-56
	android:theme
		ADDED from src/main/AndroidManifest.xml:99:13-47
	android:name
		ADDED from src/main/AndroidManifest.xml:97:13-54
activity#com.tencent.qcloud.xiaozhibo.play.TCVodPlayerActivity
ADDED from src/main/AndroidManifest.xml:101:9-105:59
	android:screenOrientation
		ADDED from src/main/AndroidManifest.xml:103:13-49
	android:windowSoftInputMode
		ADDED from src/main/AndroidManifest.xml:105:13-56
	android:theme
		ADDED from src/main/AndroidManifest.xml:104:13-47
	android:name
		ADDED from src/main/AndroidManifest.xml:102:13-53
activity#com.tencent.qcloud.xiaozhibo.push.camera.TCLivePublisherActivity
ADDED from src/main/AndroidManifest.xml:106:9-109:59
	android:screenOrientation
		ADDED from src/main/AndroidManifest.xml:108:13-49
	android:windowSoftInputMode
		ADDED from src/main/AndroidManifest.xml:109:13-56
	android:name
		ADDED from src/main/AndroidManifest.xml:107:13-64
activity#com.tencent.qcloud.xiaozhibo.userinfo.TCEditUseInfoActivity
ADDED from src/main/AndroidManifest.xml:110:9-112:52
	android:screenOrientation
		ADDED from src/main/AndroidManifest.xml:112:13-49
	android:name
		ADDED from src/main/AndroidManifest.xml:111:13-59
activity#com.tencent.qcloud.xiaozhibo.videopublish.TCVideoPublisherActivity
ADDED from src/main/AndroidManifest.xml:113:9-116:59
	android:screenOrientation
		ADDED from src/main/AndroidManifest.xml:115:13-49
	android:windowSoftInputMode
		ADDED from src/main/AndroidManifest.xml:116:13-56
	android:name
		ADDED from src/main/AndroidManifest.xml:114:13-66
activity#com.tencent.qcloud.xiaozhibo.push.screen.TCScreenRecordActivity
ADDED from src/main/AndroidManifest.xml:117:9-126:20
	android:screenOrientation
		ADDED from src/main/AndroidManifest.xml:120:13-49
	android:launchMode
		ADDED from src/main/AndroidManifest.xml:122:13-44
	android:windowSoftInputMode
		ADDED from src/main/AndroidManifest.xml:121:13-56
	android:configChanges
		ADDED from src/main/AndroidManifest.xml:119:13-74
	android:theme
		ADDED from src/main/AndroidManifest.xml:118:13-55
	android:name
		ADDED from src/main/AndroidManifest.xml:117:19-69
intent-filter#android.intent.category.DEFAULT
ADDED from src/main/AndroidManifest.xml:123:13-125:29
category#android.intent.category.DEFAULT
ADDED from src/main/AndroidManifest.xml:124:17-76
	android:name
		ADDED from src/main/AndroidManifest.xml:124:27-73
activity#com.tencent.rtmp.video.TXScreenCapture$TXScreenCaptureAssistantActivity
ADDED from src/main/AndroidManifest.xml:128:9-157
	android:theme
		ADDED from src/main/AndroidManifest.xml:128:106-154
	android:name
		ADDED from src/main/AndroidManifest.xml:128:19-105
activity#com.tencent.qcloud.xiaozhibo.WBShareActivity
ADDED from src/main/AndroidManifest.xml:132:9-140:20
	android:screenOrientation
		ADDED from src/main/AndroidManifest.xml:135:13-49
	android:configChanges
		ADDED from src/main/AndroidManifest.xml:134:13-63
	android:name
		ADDED from src/main/AndroidManifest.xml:133:13-44
intent-filter#android.intent.category.DEFAULT+com.sina.weibo.sdk.action.ACTION_SDK_REQ_ACTIVITY
ADDED from src/main/AndroidManifest.xml:136:13-139:29
action#com.sina.weibo.sdk.action.ACTION_SDK_REQ_ACTIVITY
ADDED from src/main/AndroidManifest.xml:137:17-92
	android:name
		ADDED from src/main/AndroidManifest.xml:137:25-89
activity#com.sina.weibo.sdk.component.WeiboSdkBrowser
ADDED from src/main/AndroidManifest.xml:141:9-146:20
	android:exported
		ADDED from src/main/AndroidManifest.xml:145:13-37
	android:windowSoftInputMode
		ADDED from src/main/AndroidManifest.xml:144:13-55
	android:configChanges
		ADDED from src/main/AndroidManifest.xml:143:13-63
	android:name
		ADDED from src/main/AndroidManifest.xml:142:13-72
activity#com.tencent.qcloud.xiaozhibo.wxapi.WXEntryActivity
ADDED from src/main/AndroidManifest.xml:149:9-154:75
	android:screenOrientation
		ADDED from src/main/AndroidManifest.xml:153:13-49
	android:exported
		ADDED from src/main/AndroidManifest.xml:152:13-36
	android:configChanges
		ADDED from src/main/AndroidManifest.xml:151:13-74
	android:theme
		ADDED from src/main/AndroidManifest.xml:154:13-72
	android:name
		ADDED from src/main/AndroidManifest.xml:150:13-50
activity#com.umeng.qq.tencent.AuthActivity
ADDED from src/main/AndroidManifest.xml:157:9-169:20
	android:launchMode
		ADDED from src/main/AndroidManifest.xml:159:13-44
	android:noHistory
		ADDED from src/main/AndroidManifest.xml:160:13-37
	android:name
		ADDED from src/main/AndroidManifest.xml:158:13-61
intent-filter#android.intent.action.VIEW+android.intent.category.BROWSABLE+android.intent.category.DEFAULT
ADDED from src/main/AndroidManifest.xml:161:13-168:29
action#android.intent.action.VIEW
ADDED from src/main/AndroidManifest.xml:162:17-69
	android:name
		ADDED from src/main/AndroidManifest.xml:162:25-66
category#android.intent.category.BROWSABLE
ADDED from src/main/AndroidManifest.xml:165:17-78
	android:name
		ADDED from src/main/AndroidManifest.xml:165:27-75
data
ADDED from src/main/AndroidManifest.xml:167:17-59
	android:scheme
		ADDED from src/main/AndroidManifest.xml:167:23-56
activity#com.umeng.qq.tencent.AssistActivity
ADDED from src/main/AndroidManifest.xml:170:9-174:74
	android:screenOrientation
		ADDED from src/main/AndroidManifest.xml:173:13-49
	android:configChanges
		ADDED from src/main/AndroidManifest.xml:172:13-74
	android:theme
		ADDED from src/main/AndroidManifest.xml:174:13-72
	android:name
		ADDED from src/main/AndroidManifest.xml:171:13-63
activity#com.tencent.qcloud.xiaozhibo.common.activity.videochoose.TCVideoChooseActivity
ADDED from src/main/AndroidManifest.xml:176:9-184:20
	android:screenOrientation
		ADDED from src/main/AndroidManifest.xml:178:13-49
	android:name
		ADDED from src/main/AndroidManifest.xml:177:13-78
intent-filter#android.intent.category.DEFAULT+com.tencent.qcloud.xiaozhibo.multi+com.tencent.qcloud.xiaozhibo.single
ADDED from src/main/AndroidManifest.xml:179:13-183:29
action#com.tencent.qcloud.xiaozhibo.single
ADDED from src/main/AndroidManifest.xml:180:17-77
	android:name
		ADDED from src/main/AndroidManifest.xml:180:25-75
action#com.tencent.qcloud.xiaozhibo.multi
ADDED from src/main/AndroidManifest.xml:181:17-76
	android:name
		ADDED from src/main/AndroidManifest.xml:181:25-74
provider#android.support.v4.content.FileProvider
ADDED from src/main/AndroidManifest.xml:186:9-194:20
	android:authorities
		ADDED from src/main/AndroidManifest.xml:188:13-76
	android:grantUriPermissions
		ADDED from src/main/AndroidManifest.xml:189:13-47
	android:exported
		ADDED from src/main/AndroidManifest.xml:190:13-37
	android:name
		ADDED from src/main/AndroidManifest.xml:187:13-67
meta-data#android.support.FILE_PROVIDER_PATHS
ADDED from src/main/AndroidManifest.xml:191:13-193:53
	android:resource
		ADDED from src/main/AndroidManifest.xml:193:17-50
	android:name
		ADDED from src/main/AndroidManifest.xml:192:17-67
uses-library#com.google.android.maps
ADDED from src/main/AndroidManifest.xml:196:9-198:40
	android:required
		ADDED from src/main/AndroidManifest.xml:198:13-37
	android:name
		ADDED from src/main/AndroidManifest.xml:197:13-51
uses-library#android.test.runner
ADDED from src/main/AndroidManifest.xml:199:9-60
	android:name
		ADDED from src/main/AndroidManifest.xml:199:23-57
meta-data#UMENG_APPKEY
ADDED from src/main/AndroidManifest.xml:204:9-207:21
	android:value
		ADDED from src/main/AndroidManifest.xml:206:13-53
	android:name
		ADDED from src/main/AndroidManifest.xml:205:13-40
meta-data#UMENG_CHANNEL
ADDED from src/main/AndroidManifest.xml:208:9-211:21
	android:value
		ADDED from src/main/AndroidManifest.xml:210:13-34
	android:name
		ADDED from src/main/AndroidManifest.xml:209:13-41
service#com.sina.weibo.sdk.net.DownloadService
ADDED from src/main/AndroidManifest.xml:213:9-214:48
	android:exported
		ADDED from src/main/AndroidManifest.xml:214:13-37
	android:name
		ADDED from src/main/AndroidManifest.xml:213:18-71
activity#com.umeng.socialize.editorpage.ShareActivity
ADDED from src/main/AndroidManifest.xml:216:9-220:15
	android:excludeFromRecents
		ADDED from src/main/AndroidManifest.xml:219:13-46
	android:theme
		ADDED from src/main/AndroidManifest.xml:218:13-51
	android:name
		ADDED from src/main/AndroidManifest.xml:217:13-72
service#com.tencent.qcloud.xiaozhibo.push.screen.TCScreenRecordService
ADDED from src/main/AndroidManifest.xml:222:9-227:19
	android:enabled
		ADDED from src/main/AndroidManifest.xml:224:13-35
	android:exported
		ADDED from src/main/AndroidManifest.xml:225:13-37
	android:name
		ADDED from src/main/AndroidManifest.xml:223:13-62
service#com.tencent.imsdk.session.remote.SessionService
ADDED from src/main/AndroidManifest.xml:229:9-231:42
	android:process
		ADDED from src/main/AndroidManifest.xml:231:13-39
	android:name
		ADDED from src/main/AndroidManifest.xml:230:13-75
service#com.tencent.imsdk.session.remote.AssistService
ADDED from src/main/AndroidManifest.xml:232:9-234:42
	android:process
		ADDED from src/main/AndroidManifest.xml:234:13-39
	android:name
		ADDED from src/main/AndroidManifest.xml:233:13-74
service#com.tencent.imsdk.session.remote.KeepAliveJobService
ADDED from src/main/AndroidManifest.xml:235:9-238:42
	android:process
		ADDED from src/main/AndroidManifest.xml:238:13-39
	android:permission
		ADDED from src/main/AndroidManifest.xml:237:13-69
	android:name
		ADDED from src/main/AndroidManifest.xml:236:13-80
receiver#com.tencent.imsdk.session.SessionBroadcastReceiver
ADDED from src/main/AndroidManifest.xml:240:9-247:20
	android:name
		ADDED from src/main/AndroidManifest.xml:240:19-84
intent-filter#android.intent.action.BOOT_COMPLETED+android.net.conn.CONNECTIVITY_CHANGE+com.tencent.imsdk.session.boot+com.tencent.qcloud.qal.TASK_REMOVED
ADDED from src/main/AndroidManifest.xml:241:13-246:29
action#com.tencent.imsdk.session.boot
ADDED from src/main/AndroidManifest.xml:242:17-73
	android:name
		ADDED from src/main/AndroidManifest.xml:242:25-70
action#com.tencent.qcloud.qal.TASK_REMOVED
ADDED from src/main/AndroidManifest.xml:245:17-78
	android:name
		ADDED from src/main/AndroidManifest.xml:245:25-75
uses-sdk
INJECTED from src/main/AndroidManifest.xml reason: use-sdk injection requested
MERGED from [com.android.support:design:23.2.1] AndroidManifest.xml:20:5-43
MERGED from [com.android.support:appcompat-v7:23.2.1] AndroidManifest.xml:21:5-23:78
MERGED from [com.android.support:animated-vector-drawable:23.2.1] AndroidManifest.xml:5:5-44
MERGED from [com.android.support:support-vector-drawable:23.2.1] AndroidManifest.xml:5:5-43
MERGED from [com.android.support:recyclerview-v7:23.2.1] AndroidManifest.xml:20:5-43
MERGED from [com.github.ctiao:dfm:0.4.4] AndroidManifest.xml:22:5-24:41
MERGED from [:volley-1.0.0:] AndroidManifest.xml:7:5-43
MERGED from [:LiteAVSDK_Professional_6.4.7328:] AndroidManifest.xml:7:5-9:41
MERGED from [com.android.support:multidex:1.0.1] AndroidManifest.xml:18:5-42
MERGED from [com.facebook.fresco:fresco:0.7.0] AndroidManifest.xml:5:5-7:41
MERGED from [com.facebook.fresco:imagepipeline:0.7.0] AndroidManifest.xml:5:5-7:41
MERGED from [com.facebook.fresco:drawee:0.7.0] AndroidManifest.xml:5:5-7:41
MERGED from [com.android.support:support-v4:23.2.1] AndroidManifest.xml:20:5-43
MERGED from [com.facebook.fresco:fbcore:0.7.0] AndroidManifest.xml:5:5-7:41
	tools:overrideLibrary
		ADDED from [com.android.support:appcompat-v7:23.2.1] AndroidManifest.xml:23:9-75
	android:targetSdkVersion
		INJECTED from src/main/AndroidManifest.xml
		INJECTED from src/main/AndroidManifest.xml
	android:minSdkVersion
		INJECTED from src/main/AndroidManifest.xml
		INJECTED from src/main/AndroidManifest.xml
uses-permission#android.permission.MOUNT_UNMOUNT_FILESYSTEMS
ADDED from [:LiteAVSDK_Professional_6.4.7328:] AndroidManifest.xml:15:5-84
	android:name
		ADDED from [:LiteAVSDK_Professional_6.4.7328:] AndroidManifest.xml:15:22-81